
*** Running vivado
    with args -log mips.vds -m64 -product Vivado -mode batch -messageDb vivado.pb -notrace -source mips.tcl


****** Vivado v2018.1 (64-bit)
  **** SW Build 2188600 on Wed Apr  4 18:39:19 MDT 2018
  **** IP Build 2185939 on Wed Apr  4 20:55:05 MDT 2018
    ** Copyright 1986-2018 Xilinx, Inc. All Rights Reserved.

source mips.tcl -notrace
Command: synth_design -top mips -part xc7a12ticsg325-1L
Starting synth_design
Attempting to get a license for feature 'Synthesis' and/or device 'xc7a12ti'
INFO: [Common 17-349] Got license for feature 'Synthesis' and/or device 'xc7a12ti'
INFO: Launching helper process for spawning children vivado processes
INFO: Helper process launched with PID 58940 
---------------------------------------------------------------------------------
Starting Synthesize : Time (s): cpu = 00:00:08 ; elapsed = 00:00:12 . Memory (MB): peak = 1261.617 ; gain = 76.910 ; free physical = 268 ; free virtual = 5525
---------------------------------------------------------------------------------
INFO: [Synth 8-6157] synthesizing module 'mips' [/home/hejunwen/Assembly_Line/Assembly_Line/Assembly_Line.srcs/sources_1/new/mips.v:2]
INFO: [Synth 8-6157] synthesizing module 'mux_32' [/home/hejunwen/Assembly_Line/Assembly_Line/Assembly_Line.srcs/sources_1/new/mux.v:2]
INFO: [Synth 8-6155] done synthesizing module 'mux_32' (1#1) [/home/hejunwen/Assembly_Line/Assembly_Line/Assembly_Line.srcs/sources_1/new/mux.v:2]
INFO: [Synth 8-6157] synthesizing module 'pc' [/home/hejunwen/Assembly_Line/Assembly_Line/Assembly_Line.srcs/sources_1/new/pc.v:2]
INFO: [Synth 8-6155] done synthesizing module 'pc' (2#1) [/home/hejunwen/Assembly_Line/Assembly_Line/Assembly_Line.srcs/sources_1/new/pc.v:2]
INFO: [Synth 8-6157] synthesizing module 'im_4k' [/home/hejunwen/Assembly_Line/Assembly_Line/Assembly_Line.srcs/sources_1/new/im.v:2]

Warning: Trying to implement RAM in registers. Block RAM or DRAM implementation is not possible for one or more of the following reasons :
	1: Unable to determine number of words or word size in RAM. 
	2: No valid read/write found for RAM. 
RAM dissolved into registers
WARNING: [Synth 8-3848] Net im in module/entity im_4k does not have driver. [/home/hejunwen/Assembly_Line/Assembly_Line/Assembly_Line.srcs/sources_1/new/im.v:6]
WARNING: [Synth 8-3848] Net im in module/entity im_4k does not have driver. [/home/hejunwen/Assembly_Line/Assembly_Line/Assembly_Line.srcs/sources_1/new/im.v:6]
WARNING: [Synth 8-3848] Net im in module/entity im_4k does not have driver. [/home/hejunwen/Assembly_Line/Assembly_Line/Assembly_Line.srcs/sources_1/new/im.v:6]
WARNING: [Synth 8-3848] Net im in module/entity im_4k does not have driver. [/home/hejunwen/Assembly_Line/Assembly_Line/Assembly_Line.srcs/sources_1/new/im.v:6]
WARNING: [Synth 8-3848] Net im in module/entity im_4k does not have driver. [/home/hejunwen/Assembly_Line/Assembly_Line/Assembly_Line.srcs/sources_1/new/im.v:6]
WARNING: [Synth 8-3848] Net im in module/entity im_4k does not have driver. [/home/hejunwen/Assembly_Line/Assembly_Line/Assembly_Line.srcs/sources_1/new/im.v:6]
WARNING: [Synth 8-3848] Net im in module/entity im_4k does not have driver. [/home/hejunwen/Assembly_Line/Assembly_Line/Assembly_Line.srcs/sources_1/new/im.v:6]
WARNING: [Synth 8-3848] Net im in module/entity im_4k does not have driver. [/home/hejunwen/Assembly_Line/Assembly_Line/Assembly_Line.srcs/sources_1/new/im.v:6]
WARNING: [Synth 8-3848] Net im in module/entity im_4k does not have driver. [/home/hejunwen/Assembly_Line/Assembly_Line/Assembly_Line.srcs/sources_1/new/im.v:6]
WARNING: [Synth 8-3848] Net im in module/entity im_4k does not have driver. [/home/hejunwen/Assembly_Line/Assembly_Line/Assembly_Line.srcs/sources_1/new/im.v:6]
WARNING: [Synth 8-3848] Net im in module/entity im_4k does not have driver. [/home/hejunwen/Assembly_Line/Assembly_Line/Assembly_Line.srcs/sources_1/new/im.v:6]
WARNING: [Synth 8-3848] Net im in module/entity im_4k does not have driver. [/home/hejunwen/Assembly_Line/Assembly_Line/Assembly_Line.srcs/sources_1/new/im.v:6]
WARNING: [Synth 8-3848] Net im in module/entity im_4k does not have driver. [/home/hejunwen/Assembly_Line/Assembly_Line/Assembly_Line.srcs/sources_1/new/im.v:6]
WARNING: [Synth 8-3848] Net im in module/entity im_4k does not have driver. [/home/hejunwen/Assembly_Line/Assembly_Line/Assembly_Line.srcs/sources_1/new/im.v:6]
WARNING: [Synth 8-3848] Net im in module/entity im_4k does not have driver. [/home/hejunwen/Assembly_Line/Assembly_Line/Assembly_Line.srcs/sources_1/new/im.v:6]
WARNING: [Synth 8-3848] Net im in module/entity im_4k does not have driver. [/home/hejunwen/Assembly_Line/Assembly_Line/Assembly_Line.srcs/sources_1/new/im.v:6]
WARNING: [Synth 8-3848] Net im in module/entity im_4k does not have driver. [/home/hejunwen/Assembly_Line/Assembly_Line/Assembly_Line.srcs/sources_1/new/im.v:6]
WARNING: [Synth 8-3848] Net im in module/entity im_4k does not have driver. [/home/hejunwen/Assembly_Line/Assembly_Line/Assembly_Line.srcs/sources_1/new/im.v:6]
WARNING: [Synth 8-3848] Net im in module/entity im_4k does not have driver. [/home/hejunwen/Assembly_Line/Assembly_Line/Assembly_Line.srcs/sources_1/new/im.v:6]
WARNING: [Synth 8-3848] Net im in module/entity im_4k does not have driver. [/home/hejunwen/Assembly_Line/Assembly_Line/Assembly_Line.srcs/sources_1/new/im.v:6]
WARNING: [Synth 8-3848] Net im in module/entity im_4k does not have driver. [/home/hejunwen/Assembly_Line/Assembly_Line/Assembly_Line.srcs/sources_1/new/im.v:6]
WARNING: [Synth 8-3848] Net im in module/entity im_4k does not have driver. [/home/hejunwen/Assembly_Line/Assembly_Line/Assembly_Line.srcs/sources_1/new/im.v:6]
WARNING: [Synth 8-3848] Net im in module/entity im_4k does not have driver. [/home/hejunwen/Assembly_Line/Assembly_Line/Assembly_Line.srcs/sources_1/new/im.v:6]
WARNING: [Synth 8-3848] Net im in module/entity im_4k does not have driver. [/home/hejunwen/Assembly_Line/Assembly_Line/Assembly_Line.srcs/sources_1/new/im.v:6]
WARNING: [Synth 8-3848] Net im in module/entity im_4k does not have driver. [/home/hejunwen/Assembly_Line/Assembly_Line/Assembly_Line.srcs/sources_1/new/im.v:6]
WARNING: [Synth 8-3848] Net im in module/entity im_4k does not have driver. [/home/hejunwen/Assembly_Line/Assembly_Line/Assembly_Line.srcs/sources_1/new/im.v:6]
WARNING: [Synth 8-3848] Net im in module/entity im_4k does not have driver. [/home/hejunwen/Assembly_Line/Assembly_Line/Assembly_Line.srcs/sources_1/new/im.v:6]
WARNING: [Synth 8-3848] Net im in module/entity im_4k does not have driver. [/home/hejunwen/Assembly_Line/Assembly_Line/Assembly_Line.srcs/sources_1/new/im.v:6]
WARNING: [Synth 8-3848] Net im in module/entity im_4k does not have driver. [/home/hejunwen/Assembly_Line/Assembly_Line/Assembly_Line.srcs/sources_1/new/im.v:6]
WARNING: [Synth 8-3848] Net im in module/entity im_4k does not have driver. [/home/hejunwen/Assembly_Line/Assembly_Line/Assembly_Line.srcs/sources_1/new/im.v:6]
WARNING: [Synth 8-3848] Net im in module/entity im_4k does not have driver. [/home/hejunwen/Assembly_Line/Assembly_Line/Assembly_Line.srcs/sources_1/new/im.v:6]
WARNING: [Synth 8-3848] Net im in module/entity im_4k does not have driver. [/home/hejunwen/Assembly_Line/Assembly_Line/Assembly_Line.srcs/sources_1/new/im.v:6]
WARNING: [Synth 8-3848] Net im in module/entity im_4k does not have driver. [/home/hejunwen/Assembly_Line/Assembly_Line/Assembly_Line.srcs/sources_1/new/im.v:6]
WARNING: [Synth 8-3848] Net im in module/entity im_4k does not have driver. [/home/hejunwen/Assembly_Line/Assembly_Line/Assembly_Line.srcs/sources_1/new/im.v:6]
WARNING: [Synth 8-3848] Net im in module/entity im_4k does not have driver. [/home/hejunwen/Assembly_Line/Assembly_Line/Assembly_Line.srcs/sources_1/new/im.v:6]
WARNING: [Synth 8-3848] Net im in module/entity im_4k does not have driver. [/home/hejunwen/Assembly_Line/Assembly_Line/Assembly_Line.srcs/sources_1/new/im.v:6]
WARNING: [Synth 8-3848] Net im in module/entity im_4k does not have driver. [/home/hejunwen/Assembly_Line/Assembly_Line/Assembly_Line.srcs/sources_1/new/im.v:6]
WARNING: [Synth 8-3848] Net im in module/entity im_4k does not have driver. [/home/hejunwen/Assembly_Line/Assembly_Line/Assembly_Line.srcs/sources_1/new/im.v:6]
WARNING: [Synth 8-3848] Net im in module/entity im_4k does not have driver. [/home/hejunwen/Assembly_Line/Assembly_Line/Assembly_Line.srcs/sources_1/new/im.v:6]
WARNING: [Synth 8-3848] Net im in module/entity im_4k does not have driver. [/home/hejunwen/Assembly_Line/Assembly_Line/Assembly_Line.srcs/sources_1/new/im.v:6]
WARNING: [Synth 8-3848] Net im in module/entity im_4k does not have driver. [/home/hejunwen/Assembly_Line/Assembly_Line/Assembly_Line.srcs/sources_1/new/im.v:6]
WARNING: [Synth 8-3848] Net im in module/entity im_4k does not have driver. [/home/hejunwen/Assembly_Line/Assembly_Line/Assembly_Line.srcs/sources_1/new/im.v:6]
WARNING: [Synth 8-3848] Net im in module/entity im_4k does not have driver. [/home/hejunwen/Assembly_Line/Assembly_Line/Assembly_Line.srcs/sources_1/new/im.v:6]
WARNING: [Synth 8-3848] Net im in module/entity im_4k does not have driver. [/home/hejunwen/Assembly_Line/Assembly_Line/Assembly_Line.srcs/sources_1/new/im.v:6]
WARNING: [Synth 8-3848] Net im in module/entity im_4k does not have driver. [/home/hejunwen/Assembly_Line/Assembly_Line/Assembly_Line.srcs/sources_1/new/im.v:6]
WARNING: [Synth 8-3848] Net im in module/entity im_4k does not have driver. [/home/hejunwen/Assembly_Line/Assembly_Line/Assembly_Line.srcs/sources_1/new/im.v:6]
WARNING: [Synth 8-3848] Net im in module/entity im_4k does not have driver. [/home/hejunwen/Assembly_Line/Assembly_Line/Assembly_Line.srcs/sources_1/new/im.v:6]
WARNING: [Synth 8-3848] Net im in module/entity im_4k does not have driver. [/home/hejunwen/Assembly_Line/Assembly_Line/Assembly_Line.srcs/sources_1/new/im.v:6]
WARNING: [Synth 8-3848] Net im in module/entity im_4k does not have driver. [/home/hejunwen/Assembly_Line/Assembly_Line/Assembly_Line.srcs/sources_1/new/im.v:6]
WARNING: [Synth 8-3848] Net im in module/entity im_4k does not have driver. [/home/hejunwen/Assembly_Line/Assembly_Line/Assembly_Line.srcs/sources_1/new/im.v:6]
WARNING: [Synth 8-3848] Net im in module/entity im_4k does not have driver. [/home/hejunwen/Assembly_Line/Assembly_Line/Assembly_Line.srcs/sources_1/new/im.v:6]
WARNING: [Synth 8-3848] Net im in module/entity im_4k does not have driver. [/home/hejunwen/Assembly_Line/Assembly_Line/Assembly_Line.srcs/sources_1/new/im.v:6]
WARNING: [Synth 8-3848] Net im in module/entity im_4k does not have driver. [/home/hejunwen/Assembly_Line/Assembly_Line/Assembly_Line.srcs/sources_1/new/im.v:6]
WARNING: [Synth 8-3848] Net im in module/entity im_4k does not have driver. [/home/hejunwen/Assembly_Line/Assembly_Line/Assembly_Line.srcs/sources_1/new/im.v:6]
WARNING: [Synth 8-3848] Net im in module/entity im_4k does not have driver. [/home/hejunwen/Assembly_Line/Assembly_Line/Assembly_Line.srcs/sources_1/new/im.v:6]
WARNING: [Synth 8-3848] Net im in module/entity im_4k does not have driver. [/home/hejunwen/Assembly_Line/Assembly_Line/Assembly_Line.srcs/sources_1/new/im.v:6]
WARNING: [Synth 8-3848] Net im in module/entity im_4k does not have driver. [/home/hejunwen/Assembly_Line/Assembly_Line/Assembly_Line.srcs/sources_1/new/im.v:6]
WARNING: [Synth 8-3848] Net im in module/entity im_4k does not have driver. [/home/hejunwen/Assembly_Line/Assembly_Line/Assembly_Line.srcs/sources_1/new/im.v:6]
WARNING: [Synth 8-3848] Net im in module/entity im_4k does not have driver. [/home/hejunwen/Assembly_Line/Assembly_Line/Assembly_Line.srcs/sources_1/new/im.v:6]
WARNING: [Synth 8-3848] Net im in module/entity im_4k does not have driver. [/home/hejunwen/Assembly_Line/Assembly_Line/Assembly_Line.srcs/sources_1/new/im.v:6]
WARNING: [Synth 8-3848] Net im in module/entity im_4k does not have driver. [/home/hejunwen/Assembly_Line/Assembly_Line/Assembly_Line.srcs/sources_1/new/im.v:6]
WARNING: [Synth 8-3848] Net im in module/entity im_4k does not have driver. [/home/hejunwen/Assembly_Line/Assembly_Line/Assembly_Line.srcs/sources_1/new/im.v:6]
WARNING: [Synth 8-3848] Net im in module/entity im_4k does not have driver. [/home/hejunwen/Assembly_Line/Assembly_Line/Assembly_Line.srcs/sources_1/new/im.v:6]
WARNING: [Synth 8-3848] Net im in module/entity im_4k does not have driver. [/home/hejunwen/Assembly_Line/Assembly_Line/Assembly_Line.srcs/sources_1/new/im.v:6]
WARNING: [Synth 8-3848] Net im in module/entity im_4k does not have driver. [/home/hejunwen/Assembly_Line/Assembly_Line/Assembly_Line.srcs/sources_1/new/im.v:6]
WARNING: [Synth 8-3848] Net im in module/entity im_4k does not have driver. [/home/hejunwen/Assembly_Line/Assembly_Line/Assembly_Line.srcs/sources_1/new/im.v:6]
WARNING: [Synth 8-3848] Net im in module/entity im_4k does not have driver. [/home/hejunwen/Assembly_Line/Assembly_Line/Assembly_Line.srcs/sources_1/new/im.v:6]
WARNING: [Synth 8-3848] Net im in module/entity im_4k does not have driver. [/home/hejunwen/Assembly_Line/Assembly_Line/Assembly_Line.srcs/sources_1/new/im.v:6]
WARNING: [Synth 8-3848] Net im in module/entity im_4k does not have driver. [/home/hejunwen/Assembly_Line/Assembly_Line/Assembly_Line.srcs/sources_1/new/im.v:6]
WARNING: [Synth 8-3848] Net im in module/entity im_4k does not have driver. [/home/hejunwen/Assembly_Line/Assembly_Line/Assembly_Line.srcs/sources_1/new/im.v:6]
WARNING: [Synth 8-3848] Net im in module/entity im_4k does not have driver. [/home/hejunwen/Assembly_Line/Assembly_Line/Assembly_Line.srcs/sources_1/new/im.v:6]
WARNING: [Synth 8-3848] Net im in module/entity im_4k does not have driver. [/home/hejunwen/Assembly_Line/Assembly_Line/Assembly_Line.srcs/sources_1/new/im.v:6]
WARNING: [Synth 8-3848] Net im in module/entity im_4k does not have driver. [/home/hejunwen/Assembly_Line/Assembly_Line/Assembly_Line.srcs/sources_1/new/im.v:6]
WARNING: [Synth 8-3848] Net im in module/entity im_4k does not have driver. [/home/hejunwen/Assembly_Line/Assembly_Line/Assembly_Line.srcs/sources_1/new/im.v:6]
WARNING: [Synth 8-3848] Net im in module/entity im_4k does not have driver. [/home/hejunwen/Assembly_Line/Assembly_Line/Assembly_Line.srcs/sources_1/new/im.v:6]
WARNING: [Synth 8-3848] Net im in module/entity im_4k does not have driver. [/home/hejunwen/Assembly_Line/Assembly_Line/Assembly_Line.srcs/sources_1/new/im.v:6]
WARNING: [Synth 8-3848] Net im in module/entity im_4k does not have driver. [/home/hejunwen/Assembly_Line/Assembly_Line/Assembly_Line.srcs/sources_1/new/im.v:6]
WARNING: [Synth 8-3848] Net im in module/entity im_4k does not have driver. [/home/hejunwen/Assembly_Line/Assembly_Line/Assembly_Line.srcs/sources_1/new/im.v:6]
WARNING: [Synth 8-3848] Net im in module/entity im_4k does not have driver. [/home/hejunwen/Assembly_Line/Assembly_Line/Assembly_Line.srcs/sources_1/new/im.v:6]
WARNING: [Synth 8-3848] Net im in module/entity im_4k does not have driver. [/home/hejunwen/Assembly_Line/Assembly_Line/Assembly_Line.srcs/sources_1/new/im.v:6]
WARNING: [Synth 8-3848] Net im in module/entity im_4k does not have driver. [/home/hejunwen/Assembly_Line/Assembly_Line/Assembly_Line.srcs/sources_1/new/im.v:6]
WARNING: [Synth 8-3848] Net im in module/entity im_4k does not have driver. [/home/hejunwen/Assembly_Line/Assembly_Line/Assembly_Line.srcs/sources_1/new/im.v:6]
WARNING: [Synth 8-3848] Net im in module/entity im_4k does not have driver. [/home/hejunwen/Assembly_Line/Assembly_Line/Assembly_Line.srcs/sources_1/new/im.v:6]
WARNING: [Synth 8-3848] Net im in module/entity im_4k does not have driver. [/home/hejunwen/Assembly_Line/Assembly_Line/Assembly_Line.srcs/sources_1/new/im.v:6]
WARNING: [Synth 8-3848] Net im in module/entity im_4k does not have driver. [/home/hejunwen/Assembly_Line/Assembly_Line/Assembly_Line.srcs/sources_1/new/im.v:6]
WARNING: [Synth 8-3848] Net im in module/entity im_4k does not have driver. [/home/hejunwen/Assembly_Line/Assembly_Line/Assembly_Line.srcs/sources_1/new/im.v:6]
WARNING: [Synth 8-3848] Net im in module/entity im_4k does not have driver. [/home/hejunwen/Assembly_Line/Assembly_Line/Assembly_Line.srcs/sources_1/new/im.v:6]
WARNING: [Synth 8-3848] Net im in module/entity im_4k does not have driver. [/home/hejunwen/Assembly_Line/Assembly_Line/Assembly_Line.srcs/sources_1/new/im.v:6]
WARNING: [Synth 8-3848] Net im in module/entity im_4k does not have driver. [/home/hejunwen/Assembly_Line/Assembly_Line/Assembly_Line.srcs/sources_1/new/im.v:6]
WARNING: [Synth 8-3848] Net im in module/entity im_4k does not have driver. [/home/hejunwen/Assembly_Line/Assembly_Line/Assembly_Line.srcs/sources_1/new/im.v:6]
WARNING: [Synth 8-3848] Net im in module/entity im_4k does not have driver. [/home/hejunwen/Assembly_Line/Assembly_Line/Assembly_Line.srcs/sources_1/new/im.v:6]
WARNING: [Synth 8-3848] Net im in module/entity im_4k does not have driver. [/home/hejunwen/Assembly_Line/Assembly_Line/Assembly_Line.srcs/sources_1/new/im.v:6]
WARNING: [Synth 8-3848] Net im in module/entity im_4k does not have driver. [/home/hejunwen/Assembly_Line/Assembly_Line/Assembly_Line.srcs/sources_1/new/im.v:6]
WARNING: [Synth 8-3848] Net im in module/entity im_4k does not have driver. [/home/hejunwen/Assembly_Line/Assembly_Line/Assembly_Line.srcs/sources_1/new/im.v:6]
WARNING: [Synth 8-3848] Net im in module/entity im_4k does not have driver. [/home/hejunwen/Assembly_Line/Assembly_Line/Assembly_Line.srcs/sources_1/new/im.v:6]
WARNING: [Synth 8-3848] Net im in module/entity im_4k does not have driver. [/home/hejunwen/Assembly_Line/Assembly_Line/Assembly_Line.srcs/sources_1/new/im.v:6]
WARNING: [Synth 8-3848] Net im in module/entity im_4k does not have driver. [/home/hejunwen/Assembly_Line/Assembly_Line/Assembly_Line.srcs/sources_1/new/im.v:6]
WARNING: [Synth 8-3848] Net im in module/entity im_4k does not have driver. [/home/hejunwen/Assembly_Line/Assembly_Line/Assembly_Line.srcs/sources_1/new/im.v:6]
WARNING: [Synth 8-3848] Net im in module/entity im_4k does not have driver. [/home/hejunwen/Assembly_Line/Assembly_Line/Assembly_Line.srcs/sources_1/new/im.v:6]
WARNING: [Synth 8-3848] Net im in module/entity im_4k does not have driver. [/home/hejunwen/Assembly_Line/Assembly_Line/Assembly_Line.srcs/sources_1/new/im.v:6]
INFO: [Common 17-14] Message 'Synth 8-3848' appears 100 times and further instances of the messages will be disabled. Use the Tcl command set_msg_config to change the current settings.
INFO: [Synth 8-6155] done synthesizing module 'im_4k' (3#1) [/home/hejunwen/Assembly_Line/Assembly_Line/Assembly_Line.srcs/sources_1/new/im.v:2]
INFO: [Synth 8-6157] synthesizing module 'alu' [/home/hejunwen/Assembly_Line/Assembly_Line/Assembly_Line.srcs/sources_1/new/alu.v:2]
INFO: [Synth 8-6155] done synthesizing module 'alu' (4#1) [/home/hejunwen/Assembly_Line/Assembly_Line/Assembly_Line.srcs/sources_1/new/alu.v:2]
INFO: [Synth 8-6157] synthesizing module 'IF_ID' [/home/hejunwen/Assembly_Line/Assembly_Line/Assembly_Line.srcs/sources_1/new/IF_ID.v:2]
INFO: [Synth 8-6155] done synthesizing module 'IF_ID' (5#1) [/home/hejunwen/Assembly_Line/Assembly_Line/Assembly_Line.srcs/sources_1/new/IF_ID.v:2]
INFO: [Synth 8-6157] synthesizing module 'gpr' [/home/hejunwen/Assembly_Line/Assembly_Line/Assembly_Line.srcs/sources_1/new/gpr.v:4]
INFO: [Synth 8-6155] done synthesizing module 'gpr' (6#1) [/home/hejunwen/Assembly_Line/Assembly_Line/Assembly_Line.srcs/sources_1/new/gpr.v:4]
INFO: [Synth 8-6157] synthesizing module 'ext' [/home/hejunwen/Assembly_Line/Assembly_Line/Assembly_Line.srcs/sources_1/new/ext.v:2]
INFO: [Synth 8-6155] done synthesizing module 'ext' (7#1) [/home/hejunwen/Assembly_Line/Assembly_Line/Assembly_Line.srcs/sources_1/new/ext.v:2]
INFO: [Synth 8-6157] synthesizing module 'controller' [/home/hejunwen/Assembly_Line/Assembly_Line/Assembly_Line.srcs/sources_1/new/controller.v:4]
INFO: [Synth 8-6155] done synthesizing module 'controller' (8#1) [/home/hejunwen/Assembly_Line/Assembly_Line/Assembly_Line.srcs/sources_1/new/controller.v:4]
INFO: [Synth 8-6157] synthesizing module 'ID_IE' [/home/hejunwen/Assembly_Line/Assembly_Line/Assembly_Line.srcs/sources_1/new/ID_IE.v:2]
INFO: [Synth 8-6155] done synthesizing module 'ID_IE' (9#1) [/home/hejunwen/Assembly_Line/Assembly_Line/Assembly_Line.srcs/sources_1/new/ID_IE.v:2]
WARNING: [Synth 8-689] width (5) of port connection 'id_Rs' does not match port width (6) of module 'ID_IE' [/home/hejunwen/Assembly_Line/Assembly_Line/Assembly_Line.srcs/sources_1/new/mips.v:110]
WARNING: [Synth 8-689] width (5) of port connection 'id_Rt' does not match port width (6) of module 'ID_IE' [/home/hejunwen/Assembly_Line/Assembly_Line/Assembly_Line.srcs/sources_1/new/mips.v:110]
WARNING: [Synth 8-689] width (5) of port connection 'id_Rd' does not match port width (6) of module 'ID_IE' [/home/hejunwen/Assembly_Line/Assembly_Line/Assembly_Line.srcs/sources_1/new/mips.v:110]
WARNING: [Synth 8-689] width (5) of port connection 'Rs_ie' does not match port width (6) of module 'ID_IE' [/home/hejunwen/Assembly_Line/Assembly_Line/Assembly_Line.srcs/sources_1/new/mips.v:111]
WARNING: [Synth 8-689] width (5) of port connection 'Rt_ie' does not match port width (6) of module 'ID_IE' [/home/hejunwen/Assembly_Line/Assembly_Line/Assembly_Line.srcs/sources_1/new/mips.v:111]
WARNING: [Synth 8-689] width (5) of port connection 'Rd_ie' does not match port width (6) of module 'ID_IE' [/home/hejunwen/Assembly_Line/Assembly_Line/Assembly_Line.srcs/sources_1/new/mips.v:111]
INFO: [Synth 8-6157] synthesizing module 'mux_5' [/home/hejunwen/Assembly_Line/Assembly_Line/Assembly_Line.srcs/sources_1/new/mux_5.v:2]
INFO: [Synth 8-6155] done synthesizing module 'mux_5' (10#1) [/home/hejunwen/Assembly_Line/Assembly_Line/Assembly_Line.srcs/sources_1/new/mux_5.v:2]
INFO: [Synth 8-6157] synthesizing module 'dmux_32' [/home/hejunwen/Assembly_Line/Assembly_Line/Assembly_Line.srcs/sources_1/new/dmux_32.v:2]
INFO: [Synth 8-6155] done synthesizing module 'dmux_32' (11#1) [/home/hejunwen/Assembly_Line/Assembly_Line/Assembly_Line.srcs/sources_1/new/dmux_32.v:2]
WARNING: [Synth 8-689] width (3) of port connection 'ALUctr' does not match port width (2) of module 'alu' [/home/hejunwen/Assembly_Line/Assembly_Line/Assembly_Line.srcs/sources_1/new/mips.v:123]
INFO: [Synth 8-6157] synthesizing module 'left_2' [/home/hejunwen/Assembly_Line/Assembly_Line/Assembly_Line.srcs/sources_1/new/left_2.v:2]
INFO: [Synth 8-6155] done synthesizing module 'left_2' (12#1) [/home/hejunwen/Assembly_Line/Assembly_Line/Assembly_Line.srcs/sources_1/new/left_2.v:2]
WARNING: [Synth 8-350] instance 'PC_Branch_alu' of module 'alu' requires 5 connections, but only 4 given [/home/hejunwen/Assembly_Line/Assembly_Line/Assembly_Line.srcs/sources_1/new/mips.v:127]
INFO: [Synth 8-6157] synthesizing module 'IE_IM' [/home/hejunwen/Assembly_Line/Assembly_Line/Assembly_Line.srcs/sources_1/new/IE_IM.v:2]
INFO: [Synth 8-6155] done synthesizing module 'IE_IM' (13#1) [/home/hejunwen/Assembly_Line/Assembly_Line/Assembly_Line.srcs/sources_1/new/IE_IM.v:2]
INFO: [Synth 8-6157] synthesizing module 'dm_4k' [/home/hejunwen/Assembly_Line/Assembly_Line/Assembly_Line.srcs/sources_1/new/dm.v:2]
INFO: [Synth 8-6155] done synthesizing module 'dm_4k' (14#1) [/home/hejunwen/Assembly_Line/Assembly_Line/Assembly_Line.srcs/sources_1/new/dm.v:2]
WARNING: [Synth 8-689] width (32) of port connection 'addr' does not match port width (10) of module 'dm_4k' [/home/hejunwen/Assembly_Line/Assembly_Line/Assembly_Line.srcs/sources_1/new/mips.v:136]
INFO: [Synth 8-6157] synthesizing module 'IM_IW' [/home/hejunwen/Assembly_Line/Assembly_Line/Assembly_Line.srcs/sources_1/new/IM_IW.v:2]
INFO: [Synth 8-6155] done synthesizing module 'IM_IW' (15#1) [/home/hejunwen/Assembly_Line/Assembly_Line/Assembly_Line.srcs/sources_1/new/IM_IW.v:2]
INFO: [Synth 8-6157] synthesizing module 'conflict_control' [/home/hejunwen/Assembly_Line/Assembly_Line/Assembly_Line.srcs/sources_1/new/conflict_control.v:2]
INFO: [Synth 8-6155] done synthesizing module 'conflict_control' (16#1) [/home/hejunwen/Assembly_Line/Assembly_Line/Assembly_Line.srcs/sources_1/new/conflict_control.v:2]
INFO: [Synth 8-6155] done synthesizing module 'mips' (17#1) [/home/hejunwen/Assembly_Line/Assembly_Line/Assembly_Line.srcs/sources_1/new/mips.v:2]
WARNING: [Synth 8-3331] design conflict_control has unconnected port cc_ForwardAE[1]
WARNING: [Synth 8-3331] design conflict_control has unconnected port cc_ForwardAE[0]
WARNING: [Synth 8-3331] design conflict_control has unconnected port cc_ForwardBE[1]
WARNING: [Synth 8-3331] design conflict_control has unconnected port cc_ForwardBE[0]
WARNING: [Synth 8-3331] design conflict_control has unconnected port clk
WARNING: [Synth 8-3331] design conflict_control has unconnected port rst
WARNING: [Synth 8-3331] design conflict_control has unconnected port cc_RsE[4]
WARNING: [Synth 8-3331] design conflict_control has unconnected port cc_RsE[3]
WARNING: [Synth 8-3331] design conflict_control has unconnected port cc_RsE[2]
WARNING: [Synth 8-3331] design conflict_control has unconnected port cc_RsE[1]
WARNING: [Synth 8-3331] design conflict_control has unconnected port cc_RsE[0]
WARNING: [Synth 8-3331] design conflict_control has unconnected port cc_RtE[4]
WARNING: [Synth 8-3331] design conflict_control has unconnected port cc_RtE[3]
WARNING: [Synth 8-3331] design conflict_control has unconnected port cc_RtE[2]
WARNING: [Synth 8-3331] design conflict_control has unconnected port cc_RtE[1]
WARNING: [Synth 8-3331] design conflict_control has unconnected port cc_RtE[0]
WARNING: [Synth 8-3331] design conflict_control has unconnected port cc_WriteRegM[4]
WARNING: [Synth 8-3331] design conflict_control has unconnected port cc_WriteRegM[3]
WARNING: [Synth 8-3331] design conflict_control has unconnected port cc_WriteRegM[2]
WARNING: [Synth 8-3331] design conflict_control has unconnected port cc_WriteRegM[1]
WARNING: [Synth 8-3331] design conflict_control has unconnected port cc_WriteRegM[0]
WARNING: [Synth 8-3331] design conflict_control has unconnected port cc_WriteRegW[4]
WARNING: [Synth 8-3331] design conflict_control has unconnected port cc_WriteRegW[3]
WARNING: [Synth 8-3331] design conflict_control has unconnected port cc_WriteRegW[2]
WARNING: [Synth 8-3331] design conflict_control has unconnected port cc_WriteRegW[1]
WARNING: [Synth 8-3331] design conflict_control has unconnected port cc_WriteRegW[0]
WARNING: [Synth 8-3331] design conflict_control has unconnected port cc_RegWriteM
WARNING: [Synth 8-3331] design conflict_control has unconnected port cc_RegWriteW
WARNING: [Synth 8-3331] design IM_IW has unconnected port rst
WARNING: [Synth 8-3331] design IE_IM has unconnected port rst
WARNING: [Synth 8-3331] design left_2 has unconnected port in[31]
WARNING: [Synth 8-3331] design left_2 has unconnected port in[30]
WARNING: [Synth 8-3331] design ID_IE has unconnected port rst
WARNING: [Synth 8-3331] design controller has unconnected port RegWrite
WARNING: [Synth 8-3331] design controller has unconnected port MemtoReg
WARNING: [Synth 8-3331] design controller has unconnected port MemWrite
WARNING: [Synth 8-3331] design controller has unconnected port ALUControl[2]
WARNING: [Synth 8-3331] design controller has unconnected port ALUControl[1]
WARNING: [Synth 8-3331] design controller has unconnected port ALUControl[0]
WARNING: [Synth 8-3331] design controller has unconnected port ALUSrc
WARNING: [Synth 8-3331] design controller has unconnected port RegDst
WARNING: [Synth 8-3331] design controller has unconnected port Branch
WARNING: [Synth 8-3331] design controller has unconnected port op[5]
WARNING: [Synth 8-3331] design controller has unconnected port op[4]
WARNING: [Synth 8-3331] design controller has unconnected port op[3]
WARNING: [Synth 8-3331] design controller has unconnected port op[2]
WARNING: [Synth 8-3331] design controller has unconnected port op[1]
WARNING: [Synth 8-3331] design controller has unconnected port op[0]
WARNING: [Synth 8-3331] design controller has unconnected port funct[5]
WARNING: [Synth 8-3331] design controller has unconnected port funct[4]
WARNING: [Synth 8-3331] design controller has unconnected port funct[3]
WARNING: [Synth 8-3331] design controller has unconnected port funct[2]
WARNING: [Synth 8-3331] design controller has unconnected port funct[1]
WARNING: [Synth 8-3331] design controller has unconnected port funct[0]
---------------------------------------------------------------------------------
Finished Synthesize : Time (s): cpu = 00:00:10 ; elapsed = 00:00:13 . Memory (MB): peak = 1312.742 ; gain = 128.035 ; free physical = 271 ; free virtual = 5528
---------------------------------------------------------------------------------
---------------------------------------------------------------------------------
Finished Constraint Validation : Time (s): cpu = 00:00:10 ; elapsed = 00:00:13 . Memory (MB): peak = 1312.742 ; gain = 128.035 ; free physical = 272 ; free virtual = 5529
---------------------------------------------------------------------------------
---------------------------------------------------------------------------------
Start Loading Part and Timing Information
---------------------------------------------------------------------------------
Loading part: xc7a12ticsg325-1L
---------------------------------------------------------------------------------
Finished Loading Part and Timing Information : Time (s): cpu = 00:00:10 ; elapsed = 00:00:13 . Memory (MB): peak = 1320.746 ; gain = 136.039 ; free physical = 272 ; free virtual = 5529
---------------------------------------------------------------------------------
INFO: [Device 21-403] Loading part xc7a12ticsg325-1L
INFO: [Synth 8-5545] ROM "beqout" won't be mapped to RAM because address size (32) is larger than maximum supported(25)
---------------------------------------------------------------------------------
Finished RTL Optimization Phase 2 : Time (s): cpu = 00:00:11 ; elapsed = 00:00:15 . Memory (MB): peak = 1336.762 ; gain = 152.055 ; free physical = 233 ; free virtual = 5491
---------------------------------------------------------------------------------

Report RTL Partitions: 
+-+--------------+------------+----------+
| |RTL Partition |Replication |Instances |
+-+--------------+------------+----------+
+-+--------------+------------+----------+
No constraint files found.
---------------------------------------------------------------------------------
Start RTL Component Statistics 
---------------------------------------------------------------------------------
Detailed RTL Component Info : 
+---Adders : 
	   2 Input     32 Bit       Adders := 3     
	   3 Input     32 Bit       Adders := 3     
+---Registers : 
	               32 Bit    Registers := 11    
	                6 Bit    Registers := 3     
	                5 Bit    Registers := 2     
	                3 Bit    Registers := 1     
	                1 Bit    Registers := 13    
+---Muxes : 
	   2 Input     32 Bit        Muxes := 8     
	   4 Input     32 Bit        Muxes := 2     
	   2 Input      5 Bit        Muxes := 1     
	   2 Input      1 Bit        Muxes := 3     
---------------------------------------------------------------------------------
Finished RTL Component Statistics 
---------------------------------------------------------------------------------
---------------------------------------------------------------------------------
Start RTL Hierarchical Component Statistics 
---------------------------------------------------------------------------------
Hierarchical RTL Component report 
Module mux_32 
Detailed RTL Component Info : 
+---Muxes : 
	   2 Input     32 Bit        Muxes := 1     
Module alu 
Detailed RTL Component Info : 
+---Adders : 
	   2 Input     32 Bit       Adders := 1     
	   3 Input     32 Bit       Adders := 1     
+---Muxes : 
	   2 Input     32 Bit        Muxes := 1     
	   2 Input      1 Bit        Muxes := 1     
Module IF_ID 
Detailed RTL Component Info : 
+---Registers : 
	               32 Bit    Registers := 2     
Module gpr 
Detailed RTL Component Info : 
+---Muxes : 
	   2 Input     32 Bit        Muxes := 2     
Module ID_IE 
Detailed RTL Component Info : 
+---Registers : 
	               32 Bit    Registers := 4     
	                6 Bit    Registers := 3     
	                3 Bit    Registers := 1     
	                1 Bit    Registers := 6     
Module mux_5 
Detailed RTL Component Info : 
+---Muxes : 
	   2 Input      5 Bit        Muxes := 1     
Module dmux_32 
Detailed RTL Component Info : 
+---Muxes : 
	   4 Input     32 Bit        Muxes := 1     
Module IE_IM 
Detailed RTL Component Info : 
+---Registers : 
	               32 Bit    Registers := 3     
	                5 Bit    Registers := 1     
	                1 Bit    Registers := 5     
Module IM_IW 
Detailed RTL Component Info : 
+---Registers : 
	               32 Bit    Registers := 2     
	                5 Bit    Registers := 1     
	                1 Bit    Registers := 2     
---------------------------------------------------------------------------------
Finished RTL Hierarchical Component Statistics
---------------------------------------------------------------------------------
---------------------------------------------------------------------------------
Start Part Resource Summary
---------------------------------------------------------------------------------
Part Resources:
DSPs: 40 (col length:40)
BRAMs: 40 (col length: RAMB18 40 RAMB36 20)
---------------------------------------------------------------------------------
Finished Part Resource Summary
---------------------------------------------------------------------------------
No constraint files found.
---------------------------------------------------------------------------------
Start Cross Boundary and Area Optimization
---------------------------------------------------------------------------------
Warning: Parallel synthesis criteria is not met 
WARNING: [Synth 8-6014] Unused sequential element U_ID_IE/Rs_ie_reg was removed.  [/home/hejunwen/Assembly_Line/Assembly_Line/Assembly_Line.srcs/sources_1/new/ID_IE.v:46]
WARNING: [Synth 8-3936] Found unconnected internal register 'U_ID_IE/Rt_ie_reg' and it is trimmed from '6' to '5' bits. [/home/hejunwen/Assembly_Line/Assembly_Line/Assembly_Line.srcs/sources_1/new/ID_IE.v:47]
WARNING: [Synth 8-3936] Found unconnected internal register 'U_ID_IE/Rd_ie_reg' and it is trimmed from '6' to '5' bits. [/home/hejunwen/Assembly_Line/Assembly_Line/Assembly_Line.srcs/sources_1/new/ID_IE.v:48]
WARNING: [Synth 8-3936] Found unconnected internal register 'U_ID_IE/ALUControl_ie_reg' and it is trimmed from '3' to '2' bits. [/home/hejunwen/Assembly_Line/Assembly_Line/Assembly_Line.srcs/sources_1/new/ID_IE.v:40]
INFO: [Synth 8-5545] ROM "U_alu/beqout" won't be mapped to RAM because address size (32) is larger than maximum supported(25)
WARNING: [Synth 8-3332] Sequential element (U_pc/pc_reg[31]) is unused and will be removed from module mips.
WARNING: [Synth 8-3332] Sequential element (U_pc/pc_reg[30]) is unused and will be removed from module mips.
WARNING: [Synth 8-3332] Sequential element (U_pc/pc_reg[29]) is unused and will be removed from module mips.
WARNING: [Synth 8-3332] Sequential element (U_pc/pc_reg[28]) is unused and will be removed from module mips.
WARNING: [Synth 8-3332] Sequential element (U_pc/pc_reg[27]) is unused and will be removed from module mips.
WARNING: [Synth 8-3332] Sequential element (U_pc/pc_reg[26]) is unused and will be removed from module mips.
WARNING: [Synth 8-3332] Sequential element (U_pc/pc_reg[25]) is unused and will be removed from module mips.
WARNING: [Synth 8-3332] Sequential element (U_pc/pc_reg[24]) is unused and will be removed from module mips.
WARNING: [Synth 8-3332] Sequential element (U_pc/pc_reg[23]) is unused and will be removed from module mips.
WARNING: [Synth 8-3332] Sequential element (U_pc/pc_reg[22]) is unused and will be removed from module mips.
WARNING: [Synth 8-3332] Sequential element (U_pc/pc_reg[21]) is unused and will be removed from module mips.
WARNING: [Synth 8-3332] Sequential element (U_pc/pc_reg[20]) is unused and will be removed from module mips.
WARNING: [Synth 8-3332] Sequential element (U_pc/pc_reg[19]) is unused and will be removed from module mips.
WARNING: [Synth 8-3332] Sequential element (U_pc/pc_reg[18]) is unused and will be removed from module mips.
WARNING: [Synth 8-3332] Sequential element (U_pc/pc_reg[17]) is unused and will be removed from module mips.
WARNING: [Synth 8-3332] Sequential element (U_pc/pc_reg[16]) is unused and will be removed from module mips.
WARNING: [Synth 8-3332] Sequential element (U_pc/pc_reg[15]) is unused and will be removed from module mips.
WARNING: [Synth 8-3332] Sequential element (U_pc/pc_reg[14]) is unused and will be removed from module mips.
WARNING: [Synth 8-3332] Sequential element (U_pc/pc_reg[13]) is unused and will be removed from module mips.
WARNING: [Synth 8-3332] Sequential element (U_pc/pc_reg[12]) is unused and will be removed from module mips.
WARNING: [Synth 8-3332] Sequential element (U_pc/pc_reg[11]) is unused and will be removed from module mips.
WARNING: [Synth 8-3332] Sequential element (U_pc/pc_reg[10]) is unused and will be removed from module mips.
WARNING: [Synth 8-3332] Sequential element (U_pc/pc_reg[9]) is unused and will be removed from module mips.
WARNING: [Synth 8-3332] Sequential element (U_pc/pc_reg[8]) is unused and will be removed from module mips.
WARNING: [Synth 8-3332] Sequential element (U_pc/pc_reg[7]) is unused and will be removed from module mips.
WARNING: [Synth 8-3332] Sequential element (U_pc/pc_reg[6]) is unused and will be removed from module mips.
WARNING: [Synth 8-3332] Sequential element (U_pc/pc_reg[5]) is unused and will be removed from module mips.
WARNING: [Synth 8-3332] Sequential element (U_pc/pc_reg[4]) is unused and will be removed from module mips.
WARNING: [Synth 8-3332] Sequential element (U_pc/pc_reg[3]) is unused and will be removed from module mips.
WARNING: [Synth 8-3332] Sequential element (U_pc/pc_reg[2]) is unused and will be removed from module mips.
WARNING: [Synth 8-3332] Sequential element (U_pc/pc_reg[1]) is unused and will be removed from module mips.
WARNING: [Synth 8-3332] Sequential element (U_pc/pc_reg[0]) is unused and will be removed from module mips.
WARNING: [Synth 8-3332] Sequential element (U_pc/pc_reg[31]__0) is unused and will be removed from module mips.
WARNING: [Synth 8-3332] Sequential element (U_pc/pc_reg[30]__0) is unused and will be removed from module mips.
WARNING: [Synth 8-3332] Sequential element (U_pc/pc_reg[29]__0) is unused and will be removed from module mips.
WARNING: [Synth 8-3332] Sequential element (U_pc/pc_reg[28]__0) is unused and will be removed from module mips.
WARNING: [Synth 8-3332] Sequential element (U_pc/pc_reg[27]__0) is unused and will be removed from module mips.
WARNING: [Synth 8-3332] Sequential element (U_pc/pc_reg[26]__0) is unused and will be removed from module mips.
WARNING: [Synth 8-3332] Sequential element (U_pc/pc_reg[25]__0) is unused and will be removed from module mips.
WARNING: [Synth 8-3332] Sequential element (U_pc/pc_reg[24]__0) is unused and will be removed from module mips.
WARNING: [Synth 8-3332] Sequential element (U_pc/pc_reg[23]__0) is unused and will be removed from module mips.
WARNING: [Synth 8-3332] Sequential element (U_pc/pc_reg[22]__0) is unused and will be removed from module mips.
WARNING: [Synth 8-3332] Sequential element (U_pc/pc_reg[21]__0) is unused and will be removed from module mips.
WARNING: [Synth 8-3332] Sequential element (U_pc/pc_reg[20]__0) is unused and will be removed from module mips.
WARNING: [Synth 8-3332] Sequential element (U_pc/pc_reg[19]__0) is unused and will be removed from module mips.
WARNING: [Synth 8-3332] Sequential element (U_pc/pc_reg[18]__0) is unused and will be removed from module mips.
WARNING: [Synth 8-3332] Sequential element (U_pc/pc_reg[17]__0) is unused and will be removed from module mips.
WARNING: [Synth 8-3332] Sequential element (U_pc/pc_reg[16]__0) is unused and will be removed from module mips.
WARNING: [Synth 8-3332] Sequential element (U_pc/pc_reg[15]__0) is unused and will be removed from module mips.
WARNING: [Synth 8-3332] Sequential element (U_pc/pc_reg[14]__0) is unused and will be removed from module mips.
WARNING: [Synth 8-3332] Sequential element (U_pc/pc_reg[13]__0) is unused and will be removed from module mips.
WARNING: [Synth 8-3332] Sequential element (U_pc/pc_reg[12]__0) is unused and will be removed from module mips.
WARNING: [Synth 8-3332] Sequential element (U_pc/pc_reg[11]__0) is unused and will be removed from module mips.
WARNING: [Synth 8-3332] Sequential element (U_pc/pc_reg[10]__0) is unused and will be removed from module mips.
WARNING: [Synth 8-3332] Sequential element (U_pc/pc_reg[9]__0) is unused and will be removed from module mips.
WARNING: [Synth 8-3332] Sequential element (U_pc/pc_reg[8]__0) is unused and will be removed from module mips.
WARNING: [Synth 8-3332] Sequential element (U_pc/pc_reg[7]__0) is unused and will be removed from module mips.
WARNING: [Synth 8-3332] Sequential element (U_pc/pc_reg[6]__0) is unused and will be removed from module mips.
WARNING: [Synth 8-3332] Sequential element (U_pc/pc_reg[5]__0) is unused and will be removed from module mips.
WARNING: [Synth 8-3332] Sequential element (U_pc/pc_reg[4]__0) is unused and will be removed from module mips.
WARNING: [Synth 8-3332] Sequential element (U_pc/pc_reg[3]__0) is unused and will be removed from module mips.
WARNING: [Synth 8-3332] Sequential element (U_pc/pc_reg[2]__0) is unused and will be removed from module mips.
WARNING: [Synth 8-3332] Sequential element (U_pc/pc_reg[1]__0) is unused and will be removed from module mips.
WARNING: [Synth 8-3332] Sequential element (U_pc/pc_reg[0]__0) is unused and will be removed from module mips.
WARNING: [Synth 8-3332] Sequential element (U_IF_ID/pc_id_reg[31]) is unused and will be removed from module mips.
WARNING: [Synth 8-3332] Sequential element (U_IF_ID/pc_id_reg[30]) is unused and will be removed from module mips.
WARNING: [Synth 8-3332] Sequential element (U_IF_ID/pc_id_reg[29]) is unused and will be removed from module mips.
WARNING: [Synth 8-3332] Sequential element (U_IF_ID/pc_id_reg[28]) is unused and will be removed from module mips.
WARNING: [Synth 8-3332] Sequential element (U_IF_ID/pc_id_reg[27]) is unused and will be removed from module mips.
WARNING: [Synth 8-3332] Sequential element (U_IF_ID/pc_id_reg[26]) is unused and will be removed from module mips.
WARNING: [Synth 8-3332] Sequential element (U_IF_ID/pc_id_reg[25]) is unused and will be removed from module mips.
WARNING: [Synth 8-3332] Sequential element (U_IF_ID/pc_id_reg[24]) is unused and will be removed from module mips.
WARNING: [Synth 8-3332] Sequential element (U_IF_ID/pc_id_reg[23]) is unused and will be removed from module mips.
WARNING: [Synth 8-3332] Sequential element (U_IF_ID/pc_id_reg[22]) is unused and will be removed from module mips.
WARNING: [Synth 8-3332] Sequential element (U_IF_ID/pc_id_reg[21]) is unused and will be removed from module mips.
WARNING: [Synth 8-3332] Sequential element (U_IF_ID/pc_id_reg[20]) is unused and will be removed from module mips.
WARNING: [Synth 8-3332] Sequential element (U_IF_ID/pc_id_reg[19]) is unused and will be removed from module mips.
WARNING: [Synth 8-3332] Sequential element (U_IF_ID/pc_id_reg[18]) is unused and will be removed from module mips.
WARNING: [Synth 8-3332] Sequential element (U_IF_ID/pc_id_reg[17]) is unused and will be removed from module mips.
WARNING: [Synth 8-3332] Sequential element (U_IF_ID/pc_id_reg[16]) is unused and will be removed from module mips.
WARNING: [Synth 8-3332] Sequential element (U_IF_ID/pc_id_reg[15]) is unused and will be removed from module mips.
WARNING: [Synth 8-3332] Sequential element (U_IF_ID/pc_id_reg[14]) is unused and will be removed from module mips.
WARNING: [Synth 8-3332] Sequential element (U_IF_ID/pc_id_reg[13]) is unused and will be removed from module mips.
WARNING: [Synth 8-3332] Sequential element (U_IF_ID/pc_id_reg[12]) is unused and will be removed from module mips.
WARNING: [Synth 8-3332] Sequential element (U_IF_ID/pc_id_reg[11]) is unused and will be removed from module mips.
WARNING: [Synth 8-3332] Sequential element (U_IF_ID/pc_id_reg[10]) is unused and will be removed from module mips.
WARNING: [Synth 8-3332] Sequential element (U_IF_ID/pc_id_reg[9]) is unused and will be removed from module mips.
WARNING: [Synth 8-3332] Sequential element (U_IF_ID/pc_id_reg[8]) is unused and will be removed from module mips.
WARNING: [Synth 8-3332] Sequential element (U_IF_ID/pc_id_reg[7]) is unused and will be removed from module mips.
WARNING: [Synth 8-3332] Sequential element (U_IF_ID/pc_id_reg[6]) is unused and will be removed from module mips.
WARNING: [Synth 8-3332] Sequential element (U_IF_ID/pc_id_reg[5]) is unused and will be removed from module mips.
WARNING: [Synth 8-3332] Sequential element (U_IF_ID/pc_id_reg[4]) is unused and will be removed from module mips.
WARNING: [Synth 8-3332] Sequential element (U_IF_ID/pc_id_reg[3]) is unused and will be removed from module mips.
WARNING: [Synth 8-3332] Sequential element (U_IF_ID/pc_id_reg[2]) is unused and will be removed from module mips.
WARNING: [Synth 8-3332] Sequential element (U_IF_ID/pc_id_reg[1]) is unused and will be removed from module mips.
WARNING: [Synth 8-3332] Sequential element (U_IF_ID/pc_id_reg[0]) is unused and will be removed from module mips.
WARNING: [Synth 8-3332] Sequential element (U_ID_IE/PCPlus4_ie_reg[31]) is unused and will be removed from module mips.
WARNING: [Synth 8-3332] Sequential element (U_ID_IE/PCPlus4_ie_reg[30]) is unused and will be removed from module mips.
WARNING: [Synth 8-3332] Sequential element (U_ID_IE/PCPlus4_ie_reg[29]) is unused and will be removed from module mips.
WARNING: [Synth 8-3332] Sequential element (U_ID_IE/PCPlus4_ie_reg[28]) is unused and will be removed from module mips.
INFO: [Common 17-14] Message 'Synth 8-3332' appears 100 times and further instances of the messages will be disabled. Use the Tcl command set_msg_config to change the current settings.
---------------------------------------------------------------------------------
Finished Cross Boundary and Area Optimization : Time (s): cpu = 00:00:24 ; elapsed = 00:00:47 . Memory (MB): peak = 1478.848 ; gain = 294.141 ; free physical = 158 ; free virtual = 5373
---------------------------------------------------------------------------------

Report RTL Partitions: 
+-+--------------+------------+----------+
| |RTL Partition |Replication |Instances |
+-+--------------+------------+----------+
+-+--------------+------------+----------+
No constraint files found.
---------------------------------------------------------------------------------
Start Timing Optimization
---------------------------------------------------------------------------------
---------------------------------------------------------------------------------
Finished Timing Optimization : Time (s): cpu = 00:00:24 ; elapsed = 00:00:48 . Memory (MB): peak = 1478.848 ; gain = 294.141 ; free physical = 158 ; free virtual = 5373
---------------------------------------------------------------------------------

Report RTL Partitions: 
+-+--------------+------------+----------+
| |RTL Partition |Replication |Instances |
+-+--------------+------------+----------+
+-+--------------+------------+----------+
---------------------------------------------------------------------------------
Start Technology Mapping
---------------------------------------------------------------------------------
---------------------------------------------------------------------------------
Finished Technology Mapping : Time (s): cpu = 00:00:24 ; elapsed = 00:00:48 . Memory (MB): peak = 1478.848 ; gain = 294.141 ; free physical = 158 ; free virtual = 5373
---------------------------------------------------------------------------------

Report RTL Partitions: 
+-+--------------+------------+----------+
| |RTL Partition |Replication |Instances |
+-+--------------+------------+----------+
+-+--------------+------------+----------+
---------------------------------------------------------------------------------
Start IO Insertion
---------------------------------------------------------------------------------
---------------------------------------------------------------------------------
Start Flattening Before IO Insertion
---------------------------------------------------------------------------------
---------------------------------------------------------------------------------
Finished Flattening Before IO Insertion
---------------------------------------------------------------------------------
---------------------------------------------------------------------------------
Start Final Netlist Cleanup
---------------------------------------------------------------------------------
---------------------------------------------------------------------------------
Finished Final Netlist Cleanup
---------------------------------------------------------------------------------
---------------------------------------------------------------------------------
Finished IO Insertion : Time (s): cpu = 00:00:25 ; elapsed = 00:00:49 . Memory (MB): peak = 1478.848 ; gain = 294.141 ; free physical = 156 ; free virtual = 5371
---------------------------------------------------------------------------------

Report Check Netlist: 
+------+------------------+-------+---------+-------+------------------+
|      |Item              |Errors |Warnings |Status |Description       |
+------+------------------+-------+---------+-------+------------------+
|1     |multi_driven_nets |      0|        0|Passed |Multi driven nets |
+------+------------------+-------+---------+-------+------------------+
---------------------------------------------------------------------------------
Start Renaming Generated Instances
---------------------------------------------------------------------------------
---------------------------------------------------------------------------------
Finished Renaming Generated Instances : Time (s): cpu = 00:00:25 ; elapsed = 00:00:49 . Memory (MB): peak = 1478.848 ; gain = 294.141 ; free physical = 156 ; free virtual = 5371
---------------------------------------------------------------------------------

Report RTL Partitions: 
+-+--------------+------------+----------+
| |RTL Partition |Replication |Instances |
+-+--------------+------------+----------+
+-+--------------+------------+----------+
---------------------------------------------------------------------------------
Start Rebuilding User Hierarchy
---------------------------------------------------------------------------------
---------------------------------------------------------------------------------
Finished Rebuilding User Hierarchy : Time (s): cpu = 00:00:25 ; elapsed = 00:00:49 . Memory (MB): peak = 1478.848 ; gain = 294.141 ; free physical = 156 ; free virtual = 5371
---------------------------------------------------------------------------------
---------------------------------------------------------------------------------
Start Renaming Generated Ports
---------------------------------------------------------------------------------
---------------------------------------------------------------------------------
Finished Renaming Generated Ports : Time (s): cpu = 00:00:25 ; elapsed = 00:00:49 . Memory (MB): peak = 1478.848 ; gain = 294.141 ; free physical = 156 ; free virtual = 5371
---------------------------------------------------------------------------------
---------------------------------------------------------------------------------
Start Handling Custom Attributes
---------------------------------------------------------------------------------
---------------------------------------------------------------------------------
Finished Handling Custom Attributes : Time (s): cpu = 00:00:25 ; elapsed = 00:00:49 . Memory (MB): peak = 1478.848 ; gain = 294.141 ; free physical = 156 ; free virtual = 5371
---------------------------------------------------------------------------------
---------------------------------------------------------------------------------
Start Renaming Generated Nets
---------------------------------------------------------------------------------
---------------------------------------------------------------------------------
Finished Renaming Generated Nets : Time (s): cpu = 00:00:25 ; elapsed = 00:00:49 . Memory (MB): peak = 1478.848 ; gain = 294.141 ; free physical = 156 ; free virtual = 5371
---------------------------------------------------------------------------------
---------------------------------------------------------------------------------
Start Writing Synthesis Report
---------------------------------------------------------------------------------

Report BlackBoxes: 
+-+--------------+----------+
| |BlackBox name |Instances |
+-+--------------+----------+
+-+--------------+----------+

Report Cell Usage: 
+-+-----+------+
| |Cell |Count |
+-+-----+------+
+-+-----+------+

Report Instance Areas: 
+------+---------+-------+------+
|      |Instance |Module |Cells |
+------+---------+-------+------+
|1     |top      |       |     0|
+------+---------+-------+------+
---------------------------------------------------------------------------------
Finished Writing Synthesis Report : Time (s): cpu = 00:00:25 ; elapsed = 00:00:49 . Memory (MB): peak = 1478.848 ; gain = 294.141 ; free physical = 156 ; free virtual = 5371
---------------------------------------------------------------------------------
Synthesis finished with 0 errors, 0 critical warnings and 1529 warnings.
Synthesis Optimization Runtime : Time (s): cpu = 00:00:25 ; elapsed = 00:00:49 . Memory (MB): peak = 1478.848 ; gain = 294.141 ; free physical = 156 ; free virtual = 5371
Synthesis Optimization Complete : Time (s): cpu = 00:00:25 ; elapsed = 00:00:49 . Memory (MB): peak = 1478.855 ; gain = 294.141 ; free physical = 166 ; free virtual = 5381
INFO: [Project 1-571] Translating synthesized netlist
INFO: [Project 1-570] Preparing netlist for logic optimization
INFO: [Opt 31-138] Pushed 0 inverter(s) to 0 load pin(s).
INFO: [Project 1-111] Unisim Transformation Summary:
No Unisim elements were transformed.

INFO: [Common 17-83] Releasing license: Synthesis
45 Infos, 267 Warnings, 0 Critical Warnings and 0 Errors encountered.
synth_design completed successfully
synth_design: Time (s): cpu = 00:00:27 ; elapsed = 00:00:53 . Memory (MB): peak = 1504.848 ; gain = 320.230 ; free physical = 174 ; free virtual = 5360
INFO: [Common 17-1381] The checkpoint '/home/hejunwen/Assembly_Line/Assembly_Line/Assembly_Line.runs/synth_1/mips.dcp' has been generated.
INFO: [runtcl-4] Executing : report_utilization -file mips_utilization_synth.rpt -pb mips_utilization_synth.pb
report_utilization: Time (s): cpu = 00:00:00.08 ; elapsed = 00:00:00.19 . Memory (MB): peak = 1504.848 ; gain = 0.000 ; free physical = 175 ; free virtual = 5361
INFO: [Common 17-206] Exiting Vivado at Sat Apr  6 06:55:29 2019...
